Pig Stack Trace
---------------
ERROR 2118: Input path does not exist: hdfs://AY140214001409214abaZ:9000/user/root/tmp/excite-small.log

org.apache.pig.impl.logicalLayer.FrontendException: ERROR 1066: Unable to open iterator for alias ordered_uniq_frequency
	at org.apache.pig.PigServer.openIterator(PigServer.java:935)
	at org.apache.pig.tools.grunt.GruntParser.processDump(GruntParser.java:746)
	at org.apache.pig.tools.pigscript.parser.PigScriptParser.parse(PigScriptParser.java:372)
	at org.apache.pig.tools.grunt.GruntParser.parseStopOnError(GruntParser.java:230)
	at org.apache.pig.tools.grunt.GruntParser.parseStopOnError(GruntParser.java:205)
	at org.apache.pig.tools.grunt.Grunt.exec(Grunt.java:81)
	at org.apache.pig.Main.run(Main.java:624)
	at org.apache.pig.Main.main(Main.java:170)
	at sun.reflect.NativeMethodAccessorImpl.invoke0(Native Method)
	at sun.reflect.NativeMethodAccessorImpl.invoke(NativeMethodAccessorImpl.java:62)
	at sun.reflect.DelegatingMethodAccessorImpl.invoke(DelegatingMethodAccessorImpl.java:43)
	at java.lang.reflect.Method.invoke(Method.java:483)
	at org.apache.hadoop.util.RunJar.main(RunJar.java:212)
Caused by: org.apache.pig.PigException: ERROR 1002: Unable to store alias ordered_uniq_frequency
	at org.apache.pig.PigServer.storeEx(PigServer.java:1038)
	at org.apache.pig.PigServer.store(PigServer.java:997)
	at org.apache.pig.PigServer.openIterator(PigServer.java:910)
	... 12 more
Caused by: org.apache.pig.impl.plan.VisitorException: ERROR 0: org.apache.pig.backend.executionengine.ExecException: ERROR 2118: Input path does not exist: hdfs://AY140214001409214abaZ:9000/user/root/tmp/excite-small.log
	at org.apache.pig.backend.hadoop.executionengine.tez.plan.optimizer.LoaderProcessor.visitTezOp(LoaderProcessor.java:162)
	at org.apache.pig.backend.hadoop.executionengine.tez.plan.TezOperator.visit(TezOperator.java:232)
	at org.apache.pig.backend.hadoop.executionengine.tez.plan.TezOperator.visit(TezOperator.java:49)
	at org.apache.pig.impl.plan.DependencyOrderWalker.walk(DependencyOrderWalker.java:70)
	at org.apache.pig.impl.plan.PlanVisitor.visit(PlanVisitor.java:46)
	at org.apache.pig.backend.hadoop.executionengine.tez.TezLauncher.processLoadAndParallelism(TezLauncher.java:426)
	at org.apache.pig.backend.hadoop.executionengine.tez.TezLauncher.launchPig(TezLauncher.java:143)
	at org.apache.pig.backend.hadoop.executionengine.HExecutionEngine.launchPig(HExecutionEngine.java:280)
	at org.apache.pig.PigServer.launchPlan(PigServer.java:1390)
	at org.apache.pig.PigServer.executeCompiledLogicalPlan(PigServer.java:1375)
	at org.apache.pig.PigServer.storeEx(PigServer.java:1034)
	... 14 more
Caused by: org.apache.pig.backend.executionengine.ExecException: ERROR 2118: Input path does not exist: hdfs://AY140214001409214abaZ:9000/user/root/tmp/excite-small.log
	at org.apache.pig.backend.hadoop.executionengine.mapReduceLayer.PigInputFormat.getSplits(PigInputFormat.java:279)
	at org.apache.tez.mapreduce.hadoop.MRInputHelpers.generateNewSplits(MRInputHelpers.java:406)
	at org.apache.tez.mapreduce.hadoop.MRInputHelpers.generateInputSplitsToMem(MRInputHelpers.java:289)
	at org.apache.pig.backend.hadoop.executionengine.tez.plan.optimizer.LoaderProcessor.processLoads(LoaderProcessor.java:152)
	at org.apache.pig.backend.hadoop.executionengine.tez.plan.optimizer.LoaderProcessor.visitTezOp(LoaderProcessor.java:160)
	... 24 more
Caused by: org.apache.hadoop.mapreduce.lib.input.InvalidInputException: Input path does not exist: hdfs://AY140214001409214abaZ:9000/user/root/tmp/excite-small.log
	at org.apache.hadoop.mapreduce.lib.input.FileInputFormat.singleThreadedListStatus(FileInputFormat.java:320)
	at org.apache.hadoop.mapreduce.lib.input.FileInputFormat.listStatus(FileInputFormat.java:263)
	at org.apache.pig.backend.hadoop.executionengine.mapReduceLayer.PigTextInputFormat.listStatus(PigTextInputFormat.java:36)
	at org.apache.hadoop.mapreduce.lib.input.FileInputFormat.getSplits(FileInputFormat.java:375)
	at org.apache.pig.backend.hadoop.executionengine.mapReduceLayer.PigInputFormat.getSplits(PigInputFormat.java:265)
	... 28 more
================================================================================
