Pig Stack Trace
---------------
ERROR 1066: Unable to open iterator for alias ordered_uniq_frequency

org.apache.pig.impl.logicalLayer.FrontendException: ERROR 1066: Unable to open iterator for alias ordered_uniq_frequency
	at org.apache.pig.PigServer.openIterator(PigServer.java:935)
	at org.apache.pig.tools.grunt.GruntParser.processDump(GruntParser.java:746)
	at org.apache.pig.tools.pigscript.parser.PigScriptParser.parse(PigScriptParser.java:372)
	at org.apache.pig.tools.grunt.GruntParser.parseStopOnError(GruntParser.java:230)
	at org.apache.pig.tools.grunt.GruntParser.parseStopOnError(GruntParser.java:205)
	at org.apache.pig.tools.grunt.Grunt.exec(Grunt.java:81)
	at org.apache.pig.Main.run(Main.java:624)
	at org.apache.pig.Main.main(Main.java:170)
	at sun.reflect.NativeMethodAccessorImpl.invoke0(Native Method)
	at sun.reflect.NativeMethodAccessorImpl.invoke(NativeMethodAccessorImpl.java:62)
	at sun.reflect.DelegatingMethodAccessorImpl.invoke(DelegatingMethodAccessorImpl.java:43)
	at java.lang.reflect.Method.invoke(Method.java:483)
	at org.apache.hadoop.util.RunJar.main(RunJar.java:212)
Caused by: java.io.IOException: Couldn't retrieve job.
	at org.apache.pig.PigServer.store(PigServer.java:999)
	at org.apache.pig.PigServer.openIterator(PigServer.java:910)
	... 12 more
================================================================================
